\BOOKMARK [0][-]{chapter.1}{introducci\363n}{}% 1
\BOOKMARK [0][-]{chapter.2}{Comercio a nivel pa\355ses}{}% 2
\BOOKMARK [1][-]{section.2.1}{Introducci\363n}{chapter.2}% 3
\BOOKMARK [1][-]{section.2.2}{An\341lisis Exploratorio de Datos}{chapter.2}% 4
\BOOKMARK [1][-]{section.2.3}{Metodolog\355a}{chapter.2}% 5
\BOOKMARK [2][-]{subsection.2.3.1}{Fuentes de informaci\363n}{section.2.3}% 6
\BOOKMARK [2][-]{subsection.2.3.2}{Construcci\363n del grafo}{section.2.3}% 7
\BOOKMARK [2][-]{subsection.2.3.3}{Software utilizado}{section.2.3}% 8
\BOOKMARK [2][-]{subsection.2.3.4}{El comercio internacional como una red compleja}{section.2.3}% 9
\BOOKMARK [2][-]{subsection.2.3.5}{Determinaci\363n del punto de corte}{section.2.3}% 10
\BOOKMARK [1][-]{section.2.4}{Resultados}{chapter.2}% 11
\BOOKMARK [2][-]{subsection.2.4.1}{Correlaci\363n entre la representaci\363n de las exportaciones y las importaciones}{section.2.4}% 12
\BOOKMARK [2][-]{subsection.2.4.2}{Evoluci\363n de mediano y largo plazo del comercio internacional}{section.2.4}% 13
\BOOKMARK [3][-]{section*.12}{An\341lisis mediano plazo}{subsection.2.4.2}% 14
\BOOKMARK [3][-]{figure.2.9}{An\341lisis de largo plazo}{subsection.2.4.2}% 15
\BOOKMARK [1][-]{section.2.5}{Conclusiones}{chapter.2}% 16
\BOOKMARK [0][-]{chapter.3}{Comercio a nivel producto}{}% 17
\BOOKMARK [1][-]{section.3.1}{introducci\363n}{chapter.3}% 18
\BOOKMARK [1][-]{section.3.2}{An\341lisis exploratorio de datos}{chapter.3}% 19
\BOOKMARK [1][-]{section.3.3}{Metodolog\355a}{chapter.3}% 20
\BOOKMARK [2][-]{subsection.3.3.1}{Latent Dirichlet Allocation Models}{section.3.3}% 21
\BOOKMARK [3][-]{section*.15}{Definiciones}{subsection.3.3.1}% 22
\BOOKMARK [3][-]{Item.2}{Proceso generativo}{subsection.3.3.1}% 23
\BOOKMARK [3][-]{Item.6}{Representaci\363n gr\341fica}{subsection.3.3.1}% 24
\BOOKMARK [3][-]{figure.3.6}{Distribuci\363n de Dirichlet}{subsection.3.3.1}% 25
\BOOKMARK [3][-]{figure.3.7}{Inferencia}{subsection.3.3.1}% 26
\BOOKMARK [2][-]{subsection.3.3.2}{Grafo Bipartito}{section.3.3}% 27
\BOOKMARK [1][-]{section.3.4}{Resultados}{chapter.3}% 28
\BOOKMARK [2][-]{subsection.3.4.1}{Latent Dirichlet Allocation Models}{section.3.4}% 29
\BOOKMARK [2][-]{subsection.3.4.2}{Grafo Bipartito}{section.3.4}% 30
\BOOKMARK [0][-]{chapter.4}{Conclusiones}{}% 31
\BOOKMARK [-1][-]{part*.18}{Ap\351ndice}{}% 32
\BOOKMARK [0][-]{section.Alph0.1}{Tabla de referencia: Descripci\363n cadenas}{part*.18}% 33
\BOOKMARK [1][-]{section.Alph0.2}{Tabla de referencia: Descripci\363n subcadenas}{section.Alph0.1}% 34
\BOOKMARK [1][-]{section.Alph0.3}{Tabla de referencia: Descripci\363n Usos}{section.Alph0.1}% 35
