This is pdfTeX, Version 3.14159265-2.6-1.40.19 (TeX Live 2019/dev/Debian) (preloaded format=pdflatex 2019.1.24)  10 MAR 2019 12:13
entering extended mode
 restricted \write18 enabled.
 %&-line parsing enabled.
**chapter1.tex
(./chapter1.tex
LaTeX2e <2018-04-01> patch level 5
(/usr/share/texlive/texmf-dist/tex/latex/standalone/standalone.cls
Document Class: standalone 2018/03/26 v1.3a Class to compile TeX sub-files stan
dalone
(/usr/share/texlive/texmf-dist/tex/latex/tools/shellesc.sty
Package: shellesc 2016/06/07 v0.02a unified shell escape interface for LaTeX
Package shellesc Info: Restricted shell escape enabled on input line 69.
)
(/usr/share/texlive/texmf-dist/tex/generic/oberdiek/ifluatex.sty
Package: ifluatex 2016/05/16 v1.4 Provides the ifluatex switch (HO)
Package ifluatex Info: LuaTeX not detected.
)
(/usr/share/texlive/texmf-dist/tex/generic/oberdiek/ifpdf.sty
Package: ifpdf 2017/03/15 v3.2 Provides the ifpdf switch
)
(/usr/share/texlive/texmf-dist/tex/generic/ifxetex/ifxetex.sty
Package: ifxetex 2010/09/12 v0.6 Provides ifxetex conditional
)
(/usr/share/texlive/texmf-dist/tex/latex/xkeyval/xkeyval.sty
Package: xkeyval 2014/12/03 v2.7a package option processing (HA)

(/usr/share/texlive/texmf-dist/tex/generic/xkeyval/xkeyval.tex
(/usr/share/texlive/texmf-dist/tex/generic/xkeyval/xkvutils.tex
\XKV@toks=\toks14
\XKV@tempa@toks=\toks15

(/usr/share/texlive/texmf-dist/tex/generic/xkeyval/keyval.tex))
\XKV@depth=\count80
File: xkeyval.tex 2014/12/03 v2.7a key=value parser (HA)
))
\sa@internal=\count81
\c@sapage=\count82

(/usr/share/texlive/texmf-dist/tex/latex/standalone/standalone.cfg
File: standalone.cfg 2018/03/26 v1.3a Default configuration file for 'standalon
e' class
)
(/usr/share/texlive/texmf-dist/tex/latex/base/article.cls
Document Class: article 2014/09/29 v1.4h Standard LaTeX document class
(/usr/share/texlive/texmf-dist/tex/latex/base/size10.clo
File: size10.clo 2014/09/29 v1.4h Standard LaTeX file (size option)
)
\c@part=\count83
\c@section=\count84
\c@subsection=\count85
\c@subsubsection=\count86
\c@paragraph=\count87
\c@subparagraph=\count88
\c@figure=\count89
\c@table=\count90
\abovecaptionskip=\skip41
\belowcaptionskip=\skip42
\bibindent=\dimen102
))
(/usr/share/texlive/texmf-dist/tex/latex/standalone/standalone.sty
Package: standalone 2018/03/26 v1.3a Package to include TeX sub-files with prea
mbles

(/usr/share/texlive/texmf-dist/tex/latex/currfile/currfile.sty
Package: currfile 2015/04/23 v0.7c Provides the file path elements of the curre
nt input file

(/usr/share/texlive/texmf-dist/tex/latex/oberdiek/kvoptions.sty
Package: kvoptions 2016/05/16 v3.12 Key value format for package options (HO)

(/usr/share/texlive/texmf-dist/tex/generic/oberdiek/ltxcmds.sty
Package: ltxcmds 2016/05/16 v1.23 LaTeX kernel commands for general use (HO)
)
(/usr/share/texlive/texmf-dist/tex/generic/oberdiek/kvsetkeys.sty
Package: kvsetkeys 2016/05/16 v1.17 Key value parser (HO)

(/usr/share/texlive/texmf-dist/tex/generic/oberdiek/infwarerr.sty
Package: infwarerr 2016/05/16 v1.4 Providing info/warning/error messages (HO)
)
(/usr/share/texlive/texmf-dist/tex/generic/oberdiek/etexcmds.sty
Package: etexcmds 2016/05/16 v1.6 Avoid name clashes with e-TeX commands (HO)
)))
(/usr/share/texlive/texmf-dist/tex/latex/filehook/filehook.sty
Package: filehook 2011/10/12 v0.5d Hooks for input files
)
\c@currfiledepth=\count91
)
\sa@out=\write3
Package standalone Info: STA file not found! on input line 554.

(/usr/share/texlive/texmf-dist/tex/latex/gincltex/gincltex.sty
(/usr/share/texlive/texmf-dist/tex/latex/svn-prov/svn-prov.sty
Package: svn-prov 2010/04/24 v3.1862 Package Date/Version from SVN Keywords
)
Package: gincltex 2011/09/04 v0.3 Include external LaTeX files like graphics

(/usr/share/texlive/texmf-dist/tex/latex/adjustbox/adjustbox.sty
Package: adjustbox 2018/04/08 v1.1 Adjusting TeX boxes (trim, clip, ...)

(/usr/share/texlive/texmf-dist/tex/latex/adjustbox/adjcalc.sty
Package: adjcalc 2012/05/16 v1.1 Provides advanced setlength with multiple back
-ends (calc, etex, pgfmath)
)
(/usr/share/texlive/texmf-dist/tex/latex/adjustbox/trimclip.sty
Package: trimclip 2018/04/08 v1.1 Trim and clip general TeX material

(/usr/share/texlive/texmf-dist/tex/latex/graphics/graphicx.sty
Package: graphicx 2017/06/01 v1.1a Enhanced LaTeX Graphics (DPC,SPQR)

(/usr/share/texlive/texmf-dist/tex/latex/graphics/graphics.sty
Package: graphics 2017/06/25 v1.2c Standard LaTeX Graphics (DPC,SPQR)

(/usr/share/texlive/texmf-dist/tex/latex/graphics/trig.sty
Package: trig 2016/01/03 v1.10 sin cos tan (DPC)
)
(/usr/share/texlive/texmf-dist/tex/latex/graphics-cfg/graphics.cfg
File: graphics.cfg 2016/06/04 v1.11 sample graphics configuration
)
Package graphics Info: Driver file: pdftex.def on input line 99.

(/usr/share/texlive/texmf-dist/tex/latex/graphics-def/pdftex.def
File: pdftex.def 2018/01/08 v1.0l Graphics/color driver for pdftex
))
\Gin@req@height=\dimen103
\Gin@req@width=\dimen104
)
(/usr/share/texlive/texmf-dist/tex/latex/collectbox/collectbox.sty
Package: collectbox 2012/05/17 v0.4b Collect macro arguments as boxes
\collectedbox=\box26
)
\tc@llx=\dimen105
\tc@lly=\dimen106
\tc@urx=\dimen107
\tc@ury=\dimen108
Package trimclip Info: Using driver 'tc-pdftex.def'.

(/usr/share/texlive/texmf-dist/tex/latex/adjustbox/tc-pdftex.def
File: tc-pdftex.def 2018/04/08 v2.1 Clipping driver for pdftex
))
\adjbox@Width=\dimen109
\adjbox@Height=\dimen110
\adjbox@Depth=\dimen111
\adjbox@Totalheight=\dimen112
\adjbox@pwidth=\dimen113
\adjbox@pheight=\dimen114
\adjbox@pdepth=\dimen115
\adjbox@ptotalheight=\dimen116

(/usr/share/texlive/texmf-dist/tex/latex/ifoddpage/ifoddpage.sty
Package: ifoddpage 2016/04/23 v1.1 Conditionals for odd/even page detection
\c@checkoddpage=\count92
)
(/usr/share/texlive/texmf-dist/tex/latex/varwidth/varwidth.sty
Package: varwidth 2009/03/30 ver 0.92;  Variable-width minipages
\@vwid@box=\box27
\sift@deathcycles=\count93
\@vwid@loff=\dimen117
\@vwid@roff=\dimen118
))
\gincltex@box=\box28
)
(/usr/share/texlive/texmf-dist/tex/latex/filemod/filemod-expmin.sty
Package: filemod-expmin 2011/09/19 v1.2 Get and compare file modification times
 (expandable; minimal)
))
(/usr/share/texlive/texmf-dist/tex/latex/import/import.sty
Package: import 2009/03/23  v 5.1
)
(/usr/share/texlive/texmf-dist/tex/latex/amsfonts/amssymb.sty
Package: amssymb 2013/01/14 v3.01 AMS font symbols

(/usr/share/texlive/texmf-dist/tex/latex/amsfonts/amsfonts.sty
Package: amsfonts 2013/01/14 v3.01 Basic AMSFonts support
\@emptytoks=\toks16
\symAMSa=\mathgroup4
\symAMSb=\mathgroup5
LaTeX Font Info:    Overwriting math alphabet `\mathfrak' in version `bold'
(Font)                  U/euf/m/n --> U/euf/b/n on input line 106.
))
(/usr/share/texlive/texmf-dist/tex/latex/amsmath/amsmath.sty
Package: amsmath 2017/09/02 v2.17a AMS math features
\@mathmargin=\skip43

For additional information on amsmath, use the `?' option.
(/usr/share/texlive/texmf-dist/tex/latex/amsmath/amstext.sty
Package: amstext 2000/06/29 v2.01 AMS text

(/usr/share/texlive/texmf-dist/tex/latex/amsmath/amsgen.sty
File: amsgen.sty 1999/11/30 v2.0 generic functions
\@emptytoks=\toks17
\ex@=\dimen119
))
(/usr/share/texlive/texmf-dist/tex/latex/amsmath/amsbsy.sty
Package: amsbsy 1999/11/29 v1.2d Bold Symbols
\pmbraise@=\dimen120
)
(/usr/share/texlive/texmf-dist/tex/latex/amsmath/amsopn.sty
Package: amsopn 2016/03/08 v2.02 operator names
)
\inf@bad=\count94
LaTeX Info: Redefining \frac on input line 213.
\uproot@=\count95
\leftroot@=\count96
LaTeX Info: Redefining \overline on input line 375.
\classnum@=\count97
\DOTSCASE@=\count98
LaTeX Info: Redefining \ldots on input line 472.
LaTeX Info: Redefining \dots on input line 475.
LaTeX Info: Redefining \cdots on input line 596.
\Mathstrutbox@=\box29
\strutbox@=\box30
\big@size=\dimen121
LaTeX Font Info:    Redeclaring font encoding OML on input line 712.
LaTeX Font Info:    Redeclaring font encoding OMS on input line 713.
\macc@depth=\count99
\c@MaxMatrixCols=\count100
\dotsspace@=\muskip10
\c@parentequation=\count101
\dspbrk@lvl=\count102
\tag@help=\toks18
\row@=\count103
\column@=\count104
\maxfields@=\count105
\andhelp@=\toks19
\eqnshift@=\dimen122
\alignsep@=\dimen123
\tagshift@=\dimen124
\tagwidth@=\dimen125
\totwidth@=\dimen126
\lineht@=\dimen127
\@envbody=\toks20
\multlinegap=\skip44
\multlinetaggap=\skip45
\mathdisplay@stack=\toks21
LaTeX Info: Redefining \[ on input line 2817.
LaTeX Info: Redefining \] on input line 2818.
)
(/usr/share/texlive/texmf-dist/tex/latex/subfigure/subfigure.sty
Package: subfigure 2002/03/15 v2.1.5 subfigure package
\subfigtopskip=\skip46
\subfigcapskip=\skip47
\subfigcaptopadj=\dimen128
\subfigbottomskip=\skip48
\subfigcapmargin=\dimen129
\subfiglabelskip=\skip49
\c@subfigure=\count106
\c@lofdepth=\count107
\c@subtable=\count108
\c@lotdepth=\count109

****************************************
* Local config file subfigure.cfg used *
****************************************
(/usr/share/texlive/texmf-dist/tex/latex/subfigure/subfigure.cfg)
\subfig@top=\skip50
\subfig@bottom=\skip51
)
(/usr/share/texlive/texmf-dist/tex/latex/was/gensymb.sty
Package: gensymb 2003/07/02 v1.0 (WaS)
)
(/usr/share/texlive/texmf-dist/tex/latex/preprint/authblk.sty
Package: authblk 2001/02/27 1.3 (PWD)
\affilsep=\skip52
\@affilsep=\skip53
\c@Maxaffil=\count110
\c@authors=\count111
\c@affil=\count112
)
(/usr/share/texlive/texmf-dist/tex/latex/url/url.sty
\Urlmuskip=\muskip11
Package: url 2013/09/16  ver 3.4  Verb mode for urls, etc.
)
(/usr/share/texlive/texmf-dist/tex/latex/base/inputenc.sty
Package: inputenc 2018/04/06 v1.3b Input encoding file
\inpenc@prehook=\toks22
\inpenc@posthook=\toks23
)
(/usr/share/texlive/texmf-dist/tex/generic/babel/babel.sty
Package: babel 2018/06/05 3.22 The Babel package

(/usr/share/texlive/texmf-dist/tex/generic/babel/switch.def
File: switch.def 2018/06/05 3.22 Babel switching mechanism
)
(/usr/share/texlive/texmf-dist/tex/generic/babel-spanish/spanish.ldf
Language: spanish.ldf 2016/03/03 v5.0p Spanish support from the babel system

(/usr/share/texlive/texmf-dist/tex/generic/babel/babel.def
File: babel.def 2018/06/05 3.22 Babel common definitions
\babel@savecnt=\count113
\U@D=\dimen130

(/usr/share/texlive/texmf-dist/tex/generic/babel/txtbabel.def)
\bbl@dirlevel=\count114
)
\es@quottoks=\toks24
\es@quotdepth=\count115
Package babel Info: Making " an active character on input line 561.
Package babel Info: Making . an active character on input line 662.
Package babel Info: Making < an active character on input line 707.
Package babel Info: Making > an active character on input line 707.
))
LaTeX Info: Redefining \. on input line 25.
LaTeX Info: Redefining \% on input line 25.

No file chapter1.aux.
\openout1 = `chapter1.aux'.

LaTeX Font Info:    Checking defaults for OML/cmm/m/it on input line 33.
LaTeX Font Info:    ... okay on input line 33.
LaTeX Font Info:    Checking defaults for T1/cmr/m/n on input line 33.
LaTeX Font Info:    ... okay on input line 33.
LaTeX Font Info:    Checking defaults for OT1/cmr/m/n on input line 33.
LaTeX Font Info:    ... okay on input line 33.
LaTeX Font Info:    Checking defaults for OMS/cmsy/m/n on input line 33.
LaTeX Font Info:    ... okay on input line 33.
LaTeX Font Info:    Checking defaults for OMX/cmex/m/n on input line 33.
LaTeX Font Info:    ... okay on input line 33.
LaTeX Font Info:    Checking defaults for U/cmr/m/n on input line 33.
LaTeX Font Info:    ... okay on input line 33.
\openout3 = `chapter1.sta'.

(/usr/share/texlive/texmf-dist/tex/context/base/mkii/supp-pdf.mkii
[Loading MPS to PDF converter (version 2006.09.02).]
\scratchcounter=\count116
\scratchdimen=\dimen131
\scratchbox=\box31
\nofMPsegments=\count117
\nofMParguments=\count118
\everyMPshowfont=\toks25
\MPscratchCnt=\count119
\MPscratchDim=\dimen132
\MPnumerator=\count120
\makeMPintoPDFobject=\count121
\everyMPtoPDFconversion=\toks26
) (/usr/share/texlive/texmf-dist/tex/latex/oberdiek/epstopdf-base.sty
Package: epstopdf-base 2016/05/15 v2.6 Base part for package epstopdf

(/usr/share/texlive/texmf-dist/tex/latex/oberdiek/grfext.sty
Package: grfext 2016/05/16 v1.2 Manage graphics extensions (HO)

(/usr/share/texlive/texmf-dist/tex/generic/oberdiek/kvdefinekeys.sty
Package: kvdefinekeys 2016/05/16 v1.4 Define keys (HO)
))
(/usr/share/texlive/texmf-dist/tex/generic/oberdiek/pdftexcmds.sty
Package: pdftexcmds 2018/01/30 v0.27 Utility functions of pdfTeX for LuaTeX (HO
)
Package pdftexcmds Info: LuaTeX not detected.
Package pdftexcmds Info: \pdf@primitive is available.
Package pdftexcmds Info: \pdf@ifprimitive is available.
Package pdftexcmds Info: \pdfdraftmode found.
)
Package epstopdf-base Info: Redefining graphics rule for `.eps' on input line 4
38.
Package grfext Info: Graphics extension search list:
(grfext)             [.pdf,.png,.jpg,.mps,.jpeg,.jbig2,.jb2,.PDF,.PNG,.JPG,.JPE
G,.JBIG2,.JB2,.eps]
(grfext)             \AppendGraphicsExtensions on input line 456.

(/usr/share/texlive/texmf-dist/tex/latex/latexconfig/epstopdf-sys.cfg
File: epstopdf-sys.cfg 2010/07/13 v1.3 Configuration of (r)epstopdf for TeX Liv
e
))
LaTeX Info: Redefining \celsius on input line 33.
Package gensymb Info: Faking symbols for \degree and \celsius on input line 33.



Package gensymb Warning: Not defining \perthousand.

LaTeX Info: Redefining \ohm on input line 33.
Package gensymb Info: Using \Omega for \ohm on input line 33.

Package gensymb Warning: Not defining \micro.

LaTeX Info: Redefining \. on input line 33.
LaTeX Info: Redefining \% on input line 33.
! Undefined control sequence.
l.56 \chapter
             *{\runtitulo}
The control sequence at the end of the top line
of your error message was never \def'ed. If you have
misspelled it (e.g., `\hobx'), type `I' and the correct
spelling (e.g., `I\hbox'). Otherwise just continue,
and I'll forget about whatever was undefined.

! Undefined control sequence.
l.56 \chapter*{\runtitulo
                         }
The control sequence at the end of the top line
of your error message was never \def'ed. If you have
misspelled it (e.g., `\hobx'), type `I' and the correct
spelling (e.g., `I\hbox'). Otherwise just continue,
and I'll forget about whatever was undefined.


LaTeX Warning: Citation `ricardo1987principios' on page 1 undefined on input li
ne 60.


LaTeX Warning: Citation `WTO2017' on page 1 undefined on input line 62.


LaTeX Warning: Citation `Bhattacharya2008' on page 1 undefined on input line 68
.


LaTeX Warning: Citation `Fan2014' on page 1 undefined on input line 68.


LaTeX Warning: Citation `Fagiolo2010' on page 1 undefined on input line 68.


LaTeX Warning: Citation `Chow2013' on page 1 undefined on input line 68.

LaTeX Font Info:    Try loading font information for U+msa on input line 77.
(/usr/share/texlive/texmf-dist/tex/latex/amsfonts/umsa.fd
File: umsa.fd 2013/01/14 v3.01 AMS symbols A
)
LaTeX Font Info:    Try loading font information for U+msb on input line 77.

(/usr/share/texlive/texmf-dist/tex/latex/amsfonts/umsb.fd
File: umsb.fd 2013/01/14 v3.01 AMS symbols B
) [1

{/var/lib/texmf/fonts/map/pdftex/updmap/pdftex.map}]

LaTeX Warning: Citation `Gleditsch2002' on page 2 undefined on input line 82.


LaTeX Warning: Citation `Fagiolo2010' on page 2 undefined on input line 82.


LaTeX Warning: Citation `Fagiolo2007' on page 2 undefined on input line 89.

[2] [3] [4]
LaTeX Font Info:    Font shape `OT1/cmtt/bx/n' in size <10> not available
(Font)              Font shape `OT1/cmtt/m/n' tried instead on input line 169.


LaTeX Warning: Citation `RCoreTeam2017' on page 5 undefined on input line 169.


LaTeX Warning: Citation `Csardi2006' on page 5 undefined on input line 169.


LaTeX Warning: Citation `Wickham2017' on page 5 undefined on input line 169.


LaTeX Warning: Citation `Wilke2017' on page 5 undefined on input line 169.


LaTeX Warning: Citation `Arnold2017' on page 5 undefined on input line 169.


LaTeX Warning: Citation `Neuwirth2014' on page 5 undefined on input line 169.


LaTeX Warning: Citation `Slowikowski2017' on page 5 undefined on input line 169
.


LaTeX Warning: Citation `Vu2011' on page 5 undefined on input line 169.


LaTeX Warning: Citation `Arel-Bundock2017' on page 5 undefined on input line 16
9.

[5]

LaTeX Warning: Citation `Fan2014' on page 6 undefined on input line 177.

[6]
Overfull \hbox (1.7896pt too wide) in paragraph at lines 199--199
[]\OT1/cmr/bx/n/14.4 Representaci^^Son del co-mer-cio in-ter-na-cio-nal del
 []


LaTeX Warning: Reference `fig:Interacciones-1' on page 7 undefined on input lin
e 201.


! LaTeX Error: File `2011_freq_interacciones_3' not found.

See the LaTeX manual or LaTeX Companion for explanation.
Type  H <return>  for immediate help.
 ...                                              
                                                  
l.206 ...h=\linewidth]{2011_freq_interacciones_3}}
                                                  
I could not locate the file with any of these extensions:
.pdf,.png,.jpg,.mps,.jpeg,.jbig2,.jb2,.PDF,.PNG,.JPG,.JPEG,.JBIG2,.JB2,.eps
Try typing  <return>  to proceed.
If that doesn't work, type  X <return>  to quit.


Overfull \hbox (10.86127pt too wide) in paragraph at lines 206--206
[]\OT1/cmr/m/n/8 (a)
 []


Overfull \hbox (22.19476pt too wide) in paragraph at lines 206--206
\OT1/cmr/m/n/8 Seg^^Sun
 []


Overfull \hbox (15.35439pt too wide) in paragraph at lines 206--206
\OT1/cmr/m/n/8 por-
 []


Overfull \hbox (15.11133pt too wide) in paragraph at lines 206--206
\OT1/cmr/m/n/8 cen-
 []


Overfull \hbox (10.38904pt too wide) in paragraph at lines 206--206
\OT1/cmr/m/n/8 ta-
 []


Overfull \hbox (6.37509pt too wide) in paragraph at lines 206--206
\OT1/cmr/m/n/8 je
 []


Overfull \hbox (8.50012pt too wide) in paragraph at lines 206--206
\OT1/cmr/m/n/8 de
 []


Overfull \hbox (12.27795pt too wide) in paragraph at lines 206--206
\OT1/cmr/m/n/8 im-
 []


Overfull \hbox (11.56961pt too wide) in paragraph at lines 206--206
\OT1/cmr/m/n/8 po.
 []


Overfull \hbox (12.9863pt too wide) in paragraph at lines 206--206
\OT1/cmr/m/n/8 que
 []


Overfull \hbox (9.92375pt too wide) in paragraph at lines 206--206
\OT1/cmr/m/n/8 re-
 []


Overfull \hbox (14.64604pt too wide) in paragraph at lines 206--206
\OT1/cmr/m/n/8 pre-
 []


Overfull \hbox (14.68633pt too wide) in paragraph at lines 206--206
\OT1/cmr/m/n/8 sen-
 []


Overfull \hbox (7.55566pt too wide) in paragraph at lines 206--206
\OT1/cmr/m/n/8 ta
 []


Overfull \hbox (6.6112pt too wide) in paragraph at lines 206--206
\OT1/cmr/m/n/8 al
 []


Overfull \hbox (14.68633pt too wide) in paragraph at lines 206--206
\OT1/cmr/m/n/8 pa^^S^^Ps
 []


Overfull \hbox (12.27795pt too wide) in paragraph at lines 206--206
\OT1/cmr/m/n/8 im-
 []


Overfull \hbox (15.35439pt too wide) in paragraph at lines 206--206
\OT1/cmr/m/n/8 por-
 []


Overfull \hbox (10.38904pt too wide) in paragraph at lines 206--206
\OT1/cmr/m/n/8 ta-
 []


Overfull \hbox (12.2849pt too wide) in paragraph at lines 206--206
\OT1/cmr/m/n/8 dor 
 []


! LaTeX Error: File `2011_freq_interacciones_0' not found.

See the LaTeX manual or LaTeX Companion for explanation.
Type  H <return>  for immediate help.
 ...                                              
                                                  
l.207 ...h=\linewidth]{2011_freq_interacciones_0}}
                                                  
I could not locate the file with any of these extensions:
.pdf,.png,.jpg,.mps,.jpeg,.jbig2,.jb2,.PDF,.PNG,.JPG,.JPEG,.JBIG2,.JB2,.eps
Try typing  <return>  to proceed.
If that doesn't work, type  X <return>  to quit.


Overfull \hbox (11.3335pt too wide) in paragraph at lines 207--207
[]\OT1/cmr/m/n/8 (b)
 []


Overfull \hbox (22.19476pt too wide) in paragraph at lines 207--207
\OT1/cmr/m/n/8 Seg^^Sun
 []


Overfull \hbox (11.09738pt too wide) in paragraph at lines 207--207
\OT1/cmr/m/n/8 va-
 []


Overfull \hbox (9.92375pt too wide) in paragraph at lines 207--207
\OT1/cmr/m/n/8 lor
 []


Overfull \hbox (10.86127pt too wide) in paragraph at lines 207--207
\OT1/cmr/m/n/8 co-
 []


Overfull \hbox (17.00719pt too wide) in paragraph at lines 207--207
\OT1/cmr/m/n/8 mer-
 []


Overfull \hbox (12.75018pt too wide) in paragraph at lines 207--207
\OT1/cmr/m/n/8 cial 
 []

[7]

LaTeX Warning: Reference `fig:Interacciones-2' on page 8 undefined on input lin
e 215.


LaTeX Warning: Reference `fig:Interacciones-1' on page 8 undefined on input lin
e 215.


LaTeX Warning: Reference `fig:centralidad_2011-1' on page 8 undefined on input 
line 224.


LaTeX Warning: Reference `fig:centralidad_2011-2' on page 8 undefined on input 
line 224.

[8]

! LaTeX Error: File `2011_autovalor_medio_x_threshold' not found.

See the LaTeX manual or LaTeX Companion for explanation.
Type  H <return>  for immediate help.
 ...                                              
                                                  
l.228 ...width]{2011_autovalor_medio_x_threshold}}
                                                  
I could not locate the file with any of these extensions:
.pdf,.png,.jpg,.mps,.jpeg,.jbig2,.jb2,.PDF,.PNG,.JPG,.JPEG,.JBIG2,.JB2,.eps
Try typing  <return>  to proceed.
If that doesn't work, type  X <return>  to quit.


Overfull \hbox (10.86127pt too wide) in paragraph at lines 228--228
[]\OT1/cmr/m/n/8 (a)
 []


Overfull \hbox (13.92242pt too wide) in paragraph at lines 228--228
\OT1/cmr/m/n/8 Au-
 []


Overfull \hbox (10.38904pt too wide) in paragraph at lines 228--228
\OT1/cmr/m/n/8 to-
 []


Overfull \hbox (11.09738pt too wide) in paragraph at lines 228--228
\OT1/cmr/m/n/8 va-
 []


Overfull \hbox (9.92375pt too wide) in paragraph at lines 228--228
\OT1/cmr/m/n/8 lor
 []


Overfull \hbox (13.69464pt too wide) in paragraph at lines 228--228
\OT1/cmr/m/n/8 me-
 []


Overfull \hbox (11.3335pt too wide) in paragraph at lines 228--228
\OT1/cmr/m/n/8 dio
 []


Overfull \hbox (8.50012pt too wide) in paragraph at lines 228--228
\OT1/cmr/m/n/8 de
 []


Overfull \hbox (6.6112pt too wide) in paragraph at lines 228--228
\OT1/cmr/m/n/8 la
 []


Overfull \hbox (11.81267pt too wide) in paragraph at lines 228--228
\OT1/cmr/m/n/8 red 
 []


LaTeX Warning: File `2011_mean_betweenness_x_threshold.png' not found on input 
line 229.


! Package pdftex.def Error: File `2011_mean_betweenness_x_threshold.png' not fo
und: using draft setting.

See the pdftex.def package documentation for explanation.
Type  H <return>  for immediate help.
 ...                                              
                                                  
l.229 ...]{2011_mean_betweenness_x_threshold.png}}
                                                  
Try typing  <return>  to proceed.
If that doesn't work, type  X <return>  to quit.


LaTeX Warning: Reference `fig:grafo_2011' on page 9 undefined on input line 237
.


! LaTeX Error: File `grafo_2011_1_pcnt' not found.

See the LaTeX manual or LaTeX Companion for explanation.
Type  H <return>  for immediate help.
 ...                                              
                                                  
l.242 ...width=0.45\linewidth]{grafo_2011_1_pcnt}}
                                                  
I could not locate the file with any of these extensions:
.pdf,.png,.jpg,.mps,.jpeg,.jbig2,.jb2,.PDF,.PNG,.JPG,.JPEG,.JBIG2,.JB2,.eps
Try typing  <return>  to proceed.
If that doesn't work, type  X <return>  to quit.


Overfull \hbox (10.86127pt too wide) in paragraph at lines 242--242
[]\OT1/cmr/m/n/8 (a)
 []


Overfull \hbox (12.75018pt too wide) in paragraph at lines 242--242
\OT1/cmr/m/n/8 1$ $% 
 []


! LaTeX Error: File `grafo_2011_5_pcnt' not found.

See the LaTeX manual or LaTeX Companion for explanation.
Type  H <return>  for immediate help.
 ...                                              
                                                  
l.243 ...width=0.45\linewidth]{grafo_2011_5_pcnt}}
                                                  
I could not locate the file with any of these extensions:
.pdf,.png,.jpg,.mps,.jpeg,.jbig2,.jb2,.PDF,.PNG,.JPG,.JPEG,.JBIG2,.JB2,.eps
Try typing  <return>  to proceed.
If that doesn't work, type  X <return>  to quit.


Overfull \hbox (11.3335pt too wide) in paragraph at lines 243--243
[]\OT1/cmr/m/n/8 (b)
 []


Overfull \hbox (12.75018pt too wide) in paragraph at lines 243--243
\OT1/cmr/m/n/8 5$ $% 
 []


! LaTeX Error: File `grafo_2011_10_pcnt' not found.

See the LaTeX manual or LaTeX Companion for explanation.
Type  H <return>  for immediate help.
 ...                                              
                                                  
l.244 ...idth=0.45\linewidth]{grafo_2011_10_pcnt}}
                                                  
I could not locate the file with any of these extensions:
.pdf,.png,.jpg,.mps,.jpeg,.jbig2,.jb2,.PDF,.PNG,.JPG,.JPEG,.JBIG2,.JB2,.eps
Try typing  <return>  to proceed.
If that doesn't work, type  X <return>  to quit.


Overfull \hbox (10.38904pt too wide) in paragraph at lines 244--244
[]\OT1/cmr/m/n/8 (c)
 []


Overfull \hbox (17.00024pt too wide) in paragraph at lines 244--244
\OT1/cmr/m/n/8 10$ $% 
 []


! LaTeX Error: File `grafo_2011_15_pcnt' not found.

See the LaTeX manual or LaTeX Companion for explanation.
Type  H <return>  for immediate help.
 ...                                              
                                                  
l.245 ...idth=0.45\linewidth]{grafo_2011_15_pcnt}}
                                                  
I could not locate the file with any of these extensions:
.pdf,.png,.jpg,.mps,.jpeg,.jbig2,.jb2,.PDF,.PNG,.JPG,.JPEG,.JBIG2,.JB2,.eps
Try typing  <return>  to proceed.
If that doesn't work, type  X <return>  to quit.


Overfull \hbox (11.3335pt too wide) in paragraph at lines 245--245
[]\OT1/cmr/m/n/8 (d)
 []


Overfull \hbox (17.00024pt too wide) in paragraph at lines 245--245
\OT1/cmr/m/n/8 15$ $% 
 []


! LaTeX Error: File `grafo_2011_20_pcnt' not found.

See the LaTeX manual or LaTeX Companion for explanation.
Type  H <return>  for immediate help.
 ...                                              
                                                  
l.246 ...idth=0.45\linewidth]{grafo_2011_20_pcnt}}
                                                  
I could not locate the file with any of these extensions:
.pdf,.png,.jpg,.mps,.jpeg,.jbig2,.jb2,.PDF,.PNG,.JPG,.JPEG,.JBIG2,.JB2,.eps
Try typing  <return>  to proceed.
If that doesn't work, type  X <return>  to quit.


Overfull \hbox (10.38904pt too wide) in paragraph at lines 246--246
[]\OT1/cmr/m/n/8 (e)
 []


Overfull \hbox (17.00024pt too wide) in paragraph at lines 246--246
\OT1/cmr/m/n/8 20$ $% 
 []


! LaTeX Error: File `grafo_2011_25_pcnt' not found.

See the LaTeX manual or LaTeX Companion for explanation.
Type  H <return>  for immediate help.
 ...                                              
                                                  
l.247 ...idth=0.45\linewidth]{grafo_2011_25_pcnt}}
                                                  
I could not locate the file with any of these extensions:
.pdf,.png,.jpg,.mps,.jpeg,.jbig2,.jb2,.PDF,.PNG,.JPG,.JPEG,.JBIG2,.JB2,.eps
Try typing  <return>  to proceed.
If that doesn't work, type  X <return>  to quit.


Overfull \hbox (9.84041pt too wide) in paragraph at lines 247--247
[]\OT1/cmr/m/n/8 (f)
 []


Overfull \hbox (17.00024pt too wide) in paragraph at lines 247--247
\OT1/cmr/m/n/8 25$ $% 
 []


LaTeX Warning: Reference `fig:corr' on page 9 undefined on input line 258.

[9]

! LaTeX Error: File `corr_grados_2011_1_pcnt' not found.

See the LaTeX manual or LaTeX Companion for explanation.
Type  H <return>  for immediate help.
 ...                                              
                                                  
l.263 ...=0.9\linewidth]{corr_grados_2011_1_pcnt}}
                                                  
I could not locate the file with any of these extensions:
.pdf,.png,.jpg,.mps,.jpeg,.jbig2,.jb2,.PDF,.PNG,.JPG,.JPEG,.JBIG2,.JB2,.eps
Try typing  <return>  to proceed.
If that doesn't work, type  X <return>  to quit.


Overfull \hbox (10.86127pt too wide) in paragraph at lines 263--263
[]\OT1/cmr/m/n/8 (a)
 []


Overfull \hbox (15.11133pt too wide) in paragraph at lines 263--263
\OT1/cmr/m/n/8 1$ $%.
 []


Overfull \hbox (13.22241pt too wide) in paragraph at lines 263--263
\OT1/cmr/m/n/8 Co-
 []


Overfull \hbox (11.3335pt too wide) in paragraph at lines 263--263
\OT1/cmr/m/n/8 efi-
 []


Overfull \hbox (17.47247pt too wide) in paragraph at lines 263--263
\OT1/cmr/m/n/8 cien-
 []


Overfull \hbox (7.08344pt too wide) in paragraph at lines 263--263
\OT1/cmr/m/n/8 te
 []


Overfull \hbox (8.50012pt too wide) in paragraph at lines 263--263
\OT1/cmr/m/n/8 de
 []


Overfull \hbox (19.71834pt too wide) in paragraph at lines 263--263
\OT1/cmr/m/n/8 Pear-
 []


Overfull \hbox (12.32518pt too wide) in paragraph at lines 263--263
\OT1/cmr/m/n/8 son
 []


Overfull \hbox (6.6112pt too wide) in paragraph at lines 263--263
\OT1/cmr/m/n/8 =
 []


Overfull \hbox (15.11133pt too wide) in paragraph at lines 263--263
\OT1/cmr/m/n/8 0.95 
 []


! LaTeX Error: File `corr_grados_2011_10_pcnt' not found.

See the LaTeX manual or LaTeX Companion for explanation.
Type  H <return>  for immediate help.
 ...                                              
                                                  
l.264 ...0.9\linewidth]{corr_grados_2011_10_pcnt}}
                                                  
I could not locate the file with any of these extensions:
.pdf,.png,.jpg,.mps,.jpeg,.jbig2,.jb2,.PDF,.PNG,.JPG,.JPEG,.JBIG2,.JB2,.eps
Try typing  <return>  to proceed.
If that doesn't work, type  X <return>  to quit.


Overfull \hbox (11.3335pt too wide) in paragraph at lines 264--264
[]\OT1/cmr/m/n/8 (b)
 []


Overfull \hbox (19.36139pt too wide) in paragraph at lines 264--264
\OT1/cmr/m/n/8 10$ $%.
 []


Overfull \hbox (13.22241pt too wide) in paragraph at lines 264--264
\OT1/cmr/m/n/8 Co-
 []


Overfull \hbox (11.3335pt too wide) in paragraph at lines 264--264
\OT1/cmr/m/n/8 efi-
 []


Overfull \hbox (17.47247pt too wide) in paragraph at lines 264--264
\OT1/cmr/m/n/8 cien-
 []


Overfull \hbox (7.08344pt too wide) in paragraph at lines 264--264
\OT1/cmr/m/n/8 te
 []


Overfull \hbox (8.50012pt too wide) in paragraph at lines 264--264
\OT1/cmr/m/n/8 de
 []


Overfull \hbox (19.71834pt too wide) in paragraph at lines 264--264
\OT1/cmr/m/n/8 Pear-
 []


Overfull \hbox (12.32518pt too wide) in paragraph at lines 264--264
\OT1/cmr/m/n/8 son
 []


Overfull \hbox (6.6112pt too wide) in paragraph at lines 264--264
\OT1/cmr/m/n/8 =
 []


Overfull \hbox (15.11133pt too wide) in paragraph at lines 264--264
\OT1/cmr/m/n/8 0.89 
 []


! LaTeX Error: File `corr_grados_2011_20_pcnt' not found.

See the LaTeX manual or LaTeX Companion for explanation.
Type  H <return>  for immediate help.
 ...                                              
                                                  
l.265 ...0.9\linewidth]{corr_grados_2011_20_pcnt}}
                                                  
I could not locate the file with any of these extensions:
.pdf,.png,.jpg,.mps,.jpeg,.jbig2,.jb2,.PDF,.PNG,.JPG,.JPEG,.JBIG2,.JB2,.eps
Try typing  <return>  to proceed.
If that doesn't work, type  X <return>  to quit.


Overfull \hbox (10.38904pt too wide) in paragraph at lines 265--265
[]\OT1/cmr/m/n/8 (c)
 []


Overfull \hbox (19.36139pt too wide) in paragraph at lines 265--265
\OT1/cmr/m/n/8 20$ $%.
 []


Overfull \hbox (13.22241pt too wide) in paragraph at lines 265--265
\OT1/cmr/m/n/8 Co-
 []


Overfull \hbox (11.3335pt too wide) in paragraph at lines 265--265
\OT1/cmr/m/n/8 efi-
 []


Overfull \hbox (17.47247pt too wide) in paragraph at lines 265--265
\OT1/cmr/m/n/8 cien-
 []


Overfull \hbox (7.08344pt too wide) in paragraph at lines 265--265
\OT1/cmr/m/n/8 te
 []


Overfull \hbox (8.50012pt too wide) in paragraph at lines 265--265
\OT1/cmr/m/n/8 de
 []


Overfull \hbox (19.71834pt too wide) in paragraph at lines 265--265
\OT1/cmr/m/n/8 Pear-
 []


Overfull \hbox (12.32518pt too wide) in paragraph at lines 265--265
\OT1/cmr/m/n/8 son
 []


Overfull \hbox (6.6112pt too wide) in paragraph at lines 265--265
\OT1/cmr/m/n/8 =
 []


Overfull \hbox (10.86127pt too wide) in paragraph at lines 265--265
\OT1/cmr/m/n/8 0.9 
 []

[10]

LaTeX Warning: Reference `fig:corr' on page 11 undefined on input line 277.


LaTeX Warning: Reference `Table: Tabla1' on page 11 undefined on input line 279
.


LaTeX Warning: Reference `Table: Tabla1' on page 11 undefined on input line 297
.


LaTeX Warning: Reference `fig:caracteristicas_yr' on page 11 undefined on input
 line 307.

[11]

! LaTeX Error: File `correlacion_x_yr' not found.

See the LaTeX manual or LaTeX Companion for explanation.
Type  H <return>  for immediate help.
 ...                                              
                                                  
l.315 	\label{fig:caracteristicas_yr-a}}
                                        
I could not locate the file with any of these extensions:
.pdf,.png,.jpg,.mps,.jpeg,.jbig2,.jb2,.PDF,.PNG,.JPG,.JPEG,.JBIG2,.JB2,.eps
Try typing  <return>  to proceed.
If that doesn't work, type  X <return>  to quit.


Overfull \hbox (4.19461pt too wide) in paragraph at lines 315--315
[]\OT1/cmr/m/n/8 (a)
 []


Overfull \hbox (6.55576pt too wide) in paragraph at lines 315--315
\OT1/cmr/m/n/8 Co-
 []


Overfull \hbox (6.56964pt too wide) in paragraph at lines 315--315
\OT1/cmr/m/n/8 rre-
 []


Overfull \hbox (2.77792pt too wide) in paragraph at lines 315--315
\OT1/cmr/m/n/8 la-
 []


Overfull \hbox (8.44467pt too wide) in paragraph at lines 315--315
\OT1/cmr/m/n/8 ci^^Son
 []


Overfull \hbox (1.83347pt too wide) in paragraph at lines 315--315
\OT1/cmr/m/n/8 de
 []


Overfull \hbox (7.97939pt too wide) in paragraph at lines 315--315
\OT1/cmr/m/n/8 gra-
 []


Overfull \hbox (2.3057pt too wide) in paragraph at lines 315--315
\OT1/cmr/m/n/8 do 
 []


! LaTeX Error: File `coef_clustering_x_yr' not found.

See the LaTeX manual or LaTeX Companion for explanation.
Type  H <return>  for immediate help.
 ...                                              
                                                  
l.318     \label{fig:caracteristicas_yr-b}}
                                           
I could not locate the file with any of these extensions:
.pdf,.png,.jpg,.mps,.jpeg,.jbig2,.jb2,.PDF,.PNG,.JPG,.JPEG,.JBIG2,.JB2,.eps
Try typing  <return>  to proceed.
If that doesn't work, type  X <return>  to quit.


Overfull \hbox (4.66684pt too wide) in paragraph at lines 318--318
[]\OT1/cmr/m/n/8 (b)
 []


Overfull \hbox (6.55576pt too wide) in paragraph at lines 318--318
\OT1/cmr/m/n/8 Co-
 []


Overfull \hbox (4.66684pt too wide) in paragraph at lines 318--318
\OT1/cmr/m/n/8 efi-
 []


Overfull \hbox (10.80582pt too wide) in paragraph at lines 318--318
\OT1/cmr/m/n/8 cien-
 []


Overfull \hbox (1.83347pt too wide) in paragraph at lines 318--318
\OT1/cmr/m/n/8 de
 []


Overfull \hbox (10.38081pt too wide) in paragraph at lines 318--318
\OT1/cmr/m/n/8 clus-
 []


Overfull \hbox (3.25015pt too wide) in paragraph at lines 318--318
\OT1/cmr/m/n/8 te-
 []


Overfull \hbox (7.97939pt too wide) in paragraph at lines 318--318
\OT1/cmr/m/n/8 ring 
 []


LaTeX Warning: Reference `fig:caracteristicas_yr-a' on page 12 undefined on inp
ut line 326.


LaTeX Warning: Reference `fig:caracteristicas_yr-b' on page 12 undefined on inp
ut line 328.


! LaTeX Error: File `impo_densidad_degree_x_yr' not found.

See the LaTeX manual or LaTeX Companion for explanation.
Type  H <return>  for immediate help.
 ...                                              
                                                  
l.339     \label{fig:distribuciones-a}}
                                       
I could not locate the file with any of these extensions:
.pdf,.png,.jpg,.mps,.jpeg,.jbig2,.jb2,.PDF,.PNG,.JPG,.JPEG,.JBIG2,.JB2,.eps
Try typing  <return>  to proceed.
If that doesn't work, type  X <return>  to quit.


Overfull \hbox (4.19461pt too wide) in paragraph at lines 339--339
[]\OT1/cmr/m/n/8 (a)
 []


Overfull \hbox (10.39748pt too wide) in paragraph at lines 339--339
\OT1/cmr/m/n/8 Gra-
 []


Overfull \hbox (4.66684pt too wide) in paragraph at lines 339--339
\OT1/cmr/m/n/8 do,
 []


Overfull \hbox (5.6113pt too wide) in paragraph at lines 339--339
\OT1/cmr/m/n/8 im-
 []


Overfull \hbox (8.68773pt too wide) in paragraph at lines 339--339
\OT1/cmr/m/n/8 por-
 []


Overfull \hbox (3.72238pt too wide) in paragraph at lines 339--339
\OT1/cmr/m/n/8 ta-
 []


Overfull \hbox (6.55576pt too wide) in paragraph at lines 339--339
\OT1/cmr/m/n/8 cio-
 []


Overfull \hbox (5.1863pt too wide) in paragraph at lines 339--339
\OT1/cmr/m/n/8 nes 
 []


! LaTeX Error: File `expo_densidad_autovalor_x_yr' not found.

See the LaTeX manual or LaTeX Companion for explanation.
Type  H <return>  for immediate help.
 ...                                              
                                                  
l.343     \label{fig:distribuciones-b}}
                                       
I could not locate the file with any of these extensions:
.pdf,.png,.jpg,.mps,.jpeg,.jbig2,.jb2,.PDF,.PNG,.JPG,.JPEG,.JBIG2,.JB2,.eps
Try typing  <return>  to proceed.
If that doesn't work, type  X <return>  to quit.


Overfull \hbox (4.66684pt too wide) in paragraph at lines 343--343
[]\OT1/cmr/m/n/8 (b)
 []


Overfull \hbox (7.25577pt too wide) in paragraph at lines 343--343
\OT1/cmr/m/n/8 Au-
 []


Overfull \hbox (3.72238pt too wide) in paragraph at lines 343--343
\OT1/cmr/m/n/8 to-
 []


Overfull \hbox (4.43073pt too wide) in paragraph at lines 343--343
\OT1/cmr/m/n/8 va-
 []


Overfull \hbox (5.61824pt too wide) in paragraph at lines 343--343
\OT1/cmr/m/n/8 lor,
 []


Overfull \hbox (4.43073pt too wide) in paragraph at lines 343--343
\OT1/cmr/m/n/8 ex-
 []


Overfull \hbox (8.68773pt too wide) in paragraph at lines 343--343
\OT1/cmr/m/n/8 por-
 []


Overfull \hbox (3.72238pt too wide) in paragraph at lines 343--343
\OT1/cmr/m/n/8 ta-
 []


Overfull \hbox (6.55576pt too wide) in paragraph at lines 343--343
\OT1/cmr/m/n/8 cio-
 []


Overfull \hbox (5.1863pt too wide) in paragraph at lines 343--343
\OT1/cmr/m/n/8 nes 
 []

[12]

! LaTeX Error: File `expo_densidad_USAvsCHN_autovalor_pond_x_yr' not found.

See the LaTeX manual or LaTeX Companion for explanation.
Type  H <return>  for immediate help.
 ...                                              
                                                  
l.347     \label{fig:distribuciones-c}}
                                       
I could not locate the file with any of these extensions:
.pdf,.png,.jpg,.mps,.jpeg,.jbig2,.jb2,.PDF,.PNG,.JPG,.JPEG,.JBIG2,.JB2,.eps
Try typing  <return>  to proceed.
If that doesn't work, type  X <return>  to quit.


Overfull \hbox (3.72238pt too wide) in paragraph at lines 347--347
[]\OT1/cmr/m/n/8 (c)
 []


Overfull \hbox (7.25577pt too wide) in paragraph at lines 347--347
\OT1/cmr/m/n/8 Au-
 []


Overfull \hbox (3.72238pt too wide) in paragraph at lines 347--347
\OT1/cmr/m/n/8 to-
 []


Overfull \hbox (4.43073pt too wide) in paragraph at lines 347--347
\OT1/cmr/m/n/8 va-
 []


Overfull \hbox (3.2571pt too wide) in paragraph at lines 347--347
\OT1/cmr/m/n/8 lor
 []


Overfull \hbox (10.09747pt too wide) in paragraph at lines 347--347
\OT1/cmr/m/n/8 pon-
 []


Overfull \hbox (4.66684pt too wide) in paragraph at lines 347--347
\OT1/cmr/m/n/8 de-
 []


Overfull \hbox (3.72932pt too wide) in paragraph at lines 347--347
\OT1/cmr/m/n/8 ra-
 []


Overfull \hbox (4.66684pt too wide) in paragraph at lines 347--347
\OT1/cmr/m/n/8 do,
 []


Overfull \hbox (4.43073pt too wide) in paragraph at lines 347--347
\OT1/cmr/m/n/8 ex-
 []


Overfull \hbox (8.68773pt too wide) in paragraph at lines 347--347
\OT1/cmr/m/n/8 por-
 []


Overfull \hbox (3.72238pt too wide) in paragraph at lines 347--347
\OT1/cmr/m/n/8 ta-
 []


Overfull \hbox (6.55576pt too wide) in paragraph at lines 347--347
\OT1/cmr/m/n/8 cio-
 []


Overfull \hbox (5.1863pt too wide) in paragraph at lines 347--347
\OT1/cmr/m/n/8 nes 
 []


LaTeX Warning: Reference `fig:distribuciones' on page 13 undefined on input lin
e 354.


LaTeX Warning: Reference `fig:distribuciones-a' on page 13 undefined on input l
ine 354.


LaTeX Warning: Reference `fig:distribuciones-b' on page 13 undefined on input l
ine 354.


LaTeX Warning: Reference `fig:distribuciones-c' on page 13 undefined on input l
ine 356.

[13]

LaTeX Warning: Citation `Gleditsch2002' on page 14 undefined on input line 361.



LaTeX Warning: Reference `fig:metricas_LP' on page 14 undefined on input line 3
66.


LaTeX Warning: Reference `fig:metricas_LP-a' on page 14 undefined on input line
 367.


LaTeX Warning: Reference `fig:metricas_LP-b' on page 14 undefined on input line
 369.


! LaTeX Error: File `1950_2000_coef_clustering_x_yr' not found.

See the LaTeX manual or LaTeX Companion for explanation.
Type  H <return>  for immediate help.
 ...                                              
                                                  
l.373 ...newidth]{1950_2000_coef_clustering_x_yr}}
                                                  
I could not locate the file with any of these extensions:
.pdf,.png,.jpg,.mps,.jpeg,.jbig2,.jb2,.PDF,.PNG,.JPG,.JPEG,.JBIG2,.JB2,.eps
Try typing  <return>  to proceed.
If that doesn't work, type  X <return>  to quit.


Overfull \hbox (10.86127pt too wide) in paragraph at lines 373--373
[]\OT1/cmr/m/n/8 (a)
 []


Overfull \hbox (13.22241pt too wide) in paragraph at lines 373--373
\OT1/cmr/m/n/8 Co-
 []


Overfull \hbox (11.3335pt too wide) in paragraph at lines 373--373
\OT1/cmr/m/n/8 efi-
 []


Overfull \hbox (17.47247pt too wide) in paragraph at lines 373--373
\OT1/cmr/m/n/8 cien-
 []


Overfull \hbox (7.08344pt too wide) in paragraph at lines 373--373
\OT1/cmr/m/n/8 te
 []


Overfull \hbox (8.50012pt too wide) in paragraph at lines 373--373
\OT1/cmr/m/n/8 de
 []


Overfull \hbox (19.40862pt too wide) in paragraph at lines 373--373
\OT1/cmr/m/n/8 Clus-
 []


Overfull \hbox (9.91681pt too wide) in paragraph at lines 373--373
\OT1/cmr/m/n/8 te-
 []


Overfull \hbox (17.00719pt too wide) in paragraph at lines 373--373
\OT1/cmr/m/n/8 ring,
 []


Overfull \hbox (12.27795pt too wide) in paragraph at lines 373--373
\OT1/cmr/m/n/8 im-
 []


Overfull \hbox (15.35439pt too wide) in paragraph at lines 373--373
\OT1/cmr/m/n/8 por-
 []


Overfull \hbox (10.38904pt too wide) in paragraph at lines 373--373
\OT1/cmr/m/n/8 ta-
 []


Overfull \hbox (13.22241pt too wide) in paragraph at lines 373--373
\OT1/cmr/m/n/8 cio-
 []


Overfull \hbox (11.85295pt too wide) in paragraph at lines 373--373
\OT1/cmr/m/n/8 nes 
 []


! LaTeX Error: File `1950_2000_correlacion_x_yr' not found.

See the LaTeX manual or LaTeX Companion for explanation.
Type  H <return>  for immediate help.
 ...                                              
                                                  
l.374 ...8\linewidth]{1950_2000_correlacion_x_yr}}
                                                  
I could not locate the file with any of these extensions:
.pdf,.png,.jpg,.mps,.jpeg,.jbig2,.jb2,.PDF,.PNG,.JPG,.JPEG,.JBIG2,.JB2,.eps
Try typing  <return>  to proceed.
If that doesn't work, type  X <return>  to quit.


Overfull \hbox (11.3335pt too wide) in paragraph at lines 374--374
[]\OT1/cmr/m/n/8 (b)
 []


Overfull \hbox (13.22241pt too wide) in paragraph at lines 374--374
\OT1/cmr/m/n/8 Co-
 []


Overfull \hbox (13.2363pt too wide) in paragraph at lines 374--374
\OT1/cmr/m/n/8 rre-
 []


Overfull \hbox (9.44458pt too wide) in paragraph at lines 374--374
\OT1/cmr/m/n/8 la-
 []


Overfull \hbox (15.11133pt too wide) in paragraph at lines 374--374
\OT1/cmr/m/n/8 ci^^Son
 []


Overfull \hbox (8.50012pt too wide) in paragraph at lines 374--374
\OT1/cmr/m/n/8 de
 []


Overfull \hbox (14.64604pt too wide) in paragraph at lines 374--374
\OT1/cmr/m/n/8 gra-
 []


Overfull \hbox (11.3335pt too wide) in paragraph at lines 374--374
\OT1/cmr/m/n/8 do,
 []


Overfull \hbox (12.27795pt too wide) in paragraph at lines 374--374
\OT1/cmr/m/n/8 im-
 []


Overfull \hbox (15.35439pt too wide) in paragraph at lines 374--374
\OT1/cmr/m/n/8 por-
 []


Overfull \hbox (10.38904pt too wide) in paragraph at lines 374--374
\OT1/cmr/m/n/8 ta-
 []


Overfull \hbox (13.22241pt too wide) in paragraph at lines 374--374
\OT1/cmr/m/n/8 cio-
 []


Overfull \hbox (11.85295pt too wide) in paragraph at lines 374--374
\OT1/cmr/m/n/8 nes 
 []

[14]

LaTeX Warning: Reference `fig:centralidad_LP' on page 15 undefined on input lin
e 379.


! LaTeX Error: File `1950_2000_continent_all' not found.

See the LaTeX manual or LaTeX Companion for explanation.
Type  H <return>  for immediate help.
 ...                                              
                                                  
l.383 ...idth=\linewidth]{1950_2000_continent_all}
                                                  
I could not locate the file with any of these extensions:
.pdf,.png,.jpg,.mps,.jpeg,.jbig2,.jb2,.PDF,.PNG,.JPG,.JPEG,.JBIG2,.JB2,.eps
Try typing  <return>  to proceed.
If that doesn't work, type  X <return>  to quit.


LaTeX Warning: Reference `fig:paises_LP' on page 15 undefined on input line 391
.


LaTeX Warning: Reference `fig:paises_LP-a' on page 15 undefined on input line 3
92.


LaTeX Warning: Reference `fig:paises_LP-b' on page 15 undefined on input line 3
93.

[15]

! LaTeX Error: File `1950_2000_impo_densidad_ARG_BRA_MEX_grado' not found.

See the LaTeX manual or LaTeX Companion for explanation.
Type  H <return>  for immediate help.
 ...                                              
                                                  
l.397 ...50_2000_impo_densidad_ARG_BRA_MEX_grado}}
                                                  
I could not locate the file with any of these extensions:
.pdf,.png,.jpg,.mps,.jpeg,.jbig2,.jb2,.PDF,.PNG,.JPG,.JPEG,.JBIG2,.JB2,.eps
Try typing  <return>  to proceed.
If that doesn't work, type  X <return>  to quit.


Overfull \hbox (10.86127pt too wide) in paragraph at lines 397--397
[]\OT1/cmr/m/n/8 (a)
 []


Overfull \hbox (17.06413pt too wide) in paragraph at lines 397--397
\OT1/cmr/m/n/8 Gra-
 []


Overfull \hbox (8.97235pt too wide) in paragraph at lines 397--397
\OT1/cmr/m/n/8 do 
 []


! LaTeX Error: File `1950_2000_impo_densidad_ARG_BRA_MEX_atvlrpnd' not found.

See the LaTeX manual or LaTeX Companion for explanation.
Type  H <return>  for immediate help.
 ...                                              
                                                  
l.398 ...2000_impo_densidad_ARG_BRA_MEX_atvlrpnd}}
                                                  
I could not locate the file with any of these extensions:
.pdf,.png,.jpg,.mps,.jpeg,.jbig2,.jb2,.PDF,.PNG,.JPG,.JPEG,.JBIG2,.JB2,.eps
Try typing  <return>  to proceed.
If that doesn't work, type  X <return>  to quit.


Overfull \hbox (11.3335pt too wide) in paragraph at lines 398--398
[]\OT1/cmr/m/n/8 (b)
 []


Overfull \hbox (13.92242pt too wide) in paragraph at lines 398--398
\OT1/cmr/m/n/8 Au-
 []


Overfull \hbox (10.38904pt too wide) in paragraph at lines 398--398
\OT1/cmr/m/n/8 to-
 []


Overfull \hbox (11.09738pt too wide) in paragraph at lines 398--398
\OT1/cmr/m/n/8 va-
 []


Overfull \hbox (9.92375pt too wide) in paragraph at lines 398--398
\OT1/cmr/m/n/8 lor
 []


Overfull \hbox (17.35025pt too wide) in paragraph at lines 398--398
\OT1/cmr/m/n/8 Pon-
 []


Overfull \hbox (11.3335pt too wide) in paragraph at lines 398--398
\OT1/cmr/m/n/8 de-
 []


Overfull \hbox (10.39598pt too wide) in paragraph at lines 398--398
\OT1/cmr/m/n/8 ra-
 []


Overfull \hbox (8.97235pt too wide) in paragraph at lines 398--398
\OT1/cmr/m/n/8 do 
 []


LaTeX Warning: Reference `fig:distribuciones-c' on page 16 undefined on input l
ine 404.


LaTeX Warning: Reference `fig:paises_ASI_LP-a' on page 16 undefined on input li
ne 404.


LaTeX Warning: Reference `fig:paises_ASI_LP-b' on page 16 undefined on input li
ne 406.


! LaTeX Error: File `1950_2000_impo_densidad_USAvsCHN_autovalor_x_yr' not found
.

See the LaTeX manual or LaTeX Companion for explanation.
Type  H <return>  for immediate help.
 ...                                              
                                                  
l.410 ...0_impo_densidad_USAvsCHN_autovalor_x_yr}}
                                                  
I could not locate the file with any of these extensions:
.pdf,.png,.jpg,.mps,.jpeg,.jbig2,.jb2,.PDF,.PNG,.JPG,.JPEG,.JBIG2,.JB2,.eps
Try typing  <return>  to proceed.
If that doesn't work, type  X <return>  to quit.


Overfull \hbox (10.86127pt too wide) in paragraph at lines 410--410
[]\OT1/cmr/m/n/8 (a)
 []


Overfull \hbox (16.05579pt too wide) in paragraph at lines 410--410
\OT1/cmr/m/n/8 Chi-
 []


Overfull \hbox (8.97235pt too wide) in paragraph at lines 410--410
\OT1/cmr/m/n/8 na
 []


Overfull \hbox (4.48618pt too wide) in paragraph at lines 410--410
\OT1/cmr/m/n/8 y
 []


Overfull \hbox (11.96684pt too wide) in paragraph at lines 410--410
\OT1/cmr/m/n/8 Es-
 []


Overfull \hbox (10.38904pt too wide) in paragraph at lines 410--410
\OT1/cmr/m/n/8 ta-
 []


Overfull \hbox (12.32518pt too wide) in paragraph at lines 410--410
\OT1/cmr/m/n/8 dos
 []


Overfull \hbox (16.28357pt too wide) in paragraph at lines 410--410
\OT1/cmr/m/n/8 Uni-
 []


Overfull \hbox (12.32518pt too wide) in paragraph at lines 410--410
\OT1/cmr/m/n/8 dos 
 []


! LaTeX Error: File `1950_2000_impo_densidad_CHN_JPN_ROK_atvlr' not found.

See the LaTeX manual or LaTeX Companion for explanation.
Type  H <return>  for immediate help.
 ...                                              
                                                  
l.411 ...50_2000_impo_densidad_CHN_JPN_ROK_atvlr}}
                                                  
I could not locate the file with any of these extensions:
.pdf,.png,.jpg,.mps,.jpeg,.jbig2,.jb2,.PDF,.PNG,.JPG,.JPEG,.JBIG2,.JB2,.eps
Try typing  <return>  to proceed.
If that doesn't work, type  X <return>  to quit.


Overfull \hbox (11.3335pt too wide) in paragraph at lines 411--411
[]\OT1/cmr/m/n/8 (b)
 []


Overfull \hbox (46.39928pt too wide) in paragraph at lines 411--411
\OT1/cmr/m/n/8 Jap^^Son,Corea
 []


Overfull \hbox (4.48618pt too wide) in paragraph at lines 411--411
\OT1/cmr/m/n/8 y
 []


Overfull \hbox (16.05579pt too wide) in paragraph at lines 411--411
\OT1/cmr/m/n/8 Chi-
 []


Overfull \hbox (8.97235pt too wide) in paragraph at lines 411--411
\OT1/cmr/m/n/8 na 
 []

[16] [17] (./chapter1.aux
LaTeX Info: Redefining \. on input line 13.
LaTeX Info: Redefining \% on input line 13.
LaTeX Info: Redefining \. on input line 14.
LaTeX Info: Redefining \% on input line 14.
)

LaTeX Warning: There were undefined references.


LaTeX Warning: Label(s) may have changed. Rerun to get cross-references right.

 ) 
Here is how much of TeX's memory you used:
 5284 strings out of 494517
 77468 string characters out of 6175533
 151976 words of memory out of 5000000
 8756 multiletter control sequences out of 15000+600000
 10471 words of font info for 41 fonts, out of 8000000 for 9000
 40 hyphenation exceptions out of 8191
 66i,8n,56p,1503b,359s stack positions out of 5000i,500n,10000p,200000b,80000s
</usr/share/texlive/texmf-dist/fonts/type1/public/amsfonts/cm/cmbx10.pfb></us
r/share/texlive/texmf-dist/fonts/type1/public/amsfonts/cm/cmbx12.pfb></usr/shar
e/texlive/texmf-dist/fonts/type1/public/amsfonts/cm/cmex10.pfb></usr/share/texl
ive/texmf-dist/fonts/type1/public/amsfonts/cm/cmmi10.pfb></usr/share/texlive/te
xmf-dist/fonts/type1/public/amsfonts/cm/cmmi5.pfb></usr/share/texlive/texmf-dis
t/fonts/type1/public/amsfonts/cm/cmmi7.pfb></usr/share/texlive/texmf-dist/fonts
/type1/public/amsfonts/cm/cmr10.pfb></usr/share/texlive/texmf-dist/fonts/type1/
public/amsfonts/cm/cmr6.pfb></usr/share/texlive/texmf-dist/fonts/type1/public/a
msfonts/cm/cmr7.pfb></usr/share/texlive/texmf-dist/fonts/type1/public/amsfonts/
cm/cmr8.pfb></usr/share/texlive/texmf-dist/fonts/type1/public/amsfonts/cm/cmsy1
0.pfb></usr/share/texlive/texmf-dist/fonts/type1/public/amsfonts/cm/cmsy5.pfb><
/usr/share/texlive/texmf-dist/fonts/type1/public/amsfonts/cm/cmsy7.pfb></usr/sh
are/texlive/texmf-dist/fonts/type1/public/amsfonts/cm/cmti10.pfb></usr/share/te
xlive/texmf-dist/fonts/type1/public/amsfonts/cm/cmtt10.pfb></usr/share/texlive/
texmf-dist/fonts/type1/public/amsfonts/symbols/msbm10.pfb>
Output written on chapter1.pdf (17 pages, 212975 bytes).
PDF statistics:
 123 PDF objects out of 1000 (max. 8388607)
 87 compressed objects within 1 object stream
 0 named destinations out of 1000 (max. 500000)
 1 words of extra memory for PDF output out of 10000 (max. 10000000)

